app/build/intermediates/manifest_merge_blame_file/debug/manifest-merger-blame-debug-report.txt
1<?xml version="1.0" encoding="utf-8"?>
2<manifest xmlns:android="http://schemas.android.com/apk/res/android"
3    package="com.example.answerme"
4    android:versionCode="1"
5    android:versionName="1.0" >
6
7    <uses-sdk
8        android:minSdkVersion="24"
8-->src\main\AndroidManifest.xml
9        android:targetSdkVersion="29" />
9-->src\main\AndroidManifest.xml
10
11    <uses-permission android:name="android.permission.INTERNET" />
11-->src\main\AndroidManifest.xml:5:5-66
11-->src\main\AndroidManifest.xml:5:22-64
12
13    <!-- Although the *SdkVersion is captured in gradle build files, this is required for non gradle builds -->
14    <!-- <uses-sdk android:minSdkVersion="14"/> -->
15    <uses-permission android:name="android.permission.ACCESS_NETWORK_STATE" />
15-->[com.google.firebase:firebase-storage:19.1.0] AndroidManifest.xml:26:5-79
15-->[com.google.firebase:firebase-storage:19.1.0] AndroidManifest.xml:26:22-76
16    <uses-permission android:name="android.permission.WAKE_LOCK" /> <!-- Required by older versions of Google Play services to create IID tokens -->
16-->[com.google.android.gms:play-services-measurement-api:17.2.0] AndroidManifest.xml:24:5-68
16-->[com.google.android.gms:play-services-measurement-api:17.2.0] AndroidManifest.xml:24:22-65
17    <uses-permission android:name="com.google.android.c2dm.permission.RECEIVE" />
17-->[com.google.firebase:firebase-iid:19.0.0] AndroidManifest.xml:26:5-82
17-->[com.google.firebase:firebase-iid:19.0.0] AndroidManifest.xml:26:22-79
18    <uses-permission android:name="com.google.android.finsky.permission.BIND_GET_INSTALL_REFERRER_SERVICE" />
18-->[com.google.android.gms:play-services-measurement:17.2.0] AndroidManifest.xml:26:5-110
18-->[com.google.android.gms:play-services-measurement:17.2.0] AndroidManifest.xml:26:22-107
19
20    <application
20-->src\main\AndroidManifest.xml:7:5-23:19
21        android:allowBackup="true"
21-->src\main\AndroidManifest.xml:8:9-35
22        android:appComponentFactory="androidx.core.app.CoreComponentFactory"
22-->[androidx.core:core:1.0.1] AndroidManifest.xml:22:18-86
23        android:debuggable="true"
24        android:icon="@mipmap/ic_launcher"
24-->src\main\AndroidManifest.xml:9:9-43
25        android:label="@string/app_name"
25-->src\main\AndroidManifest.xml:10:9-41
26        android:roundIcon="@mipmap/ic_launcher_round"
26-->src\main\AndroidManifest.xml:11:9-54
27        android:supportsRtl="true"
27-->src\main\AndroidManifest.xml:12:9-35
28        android:testOnly="true"
29        android:theme="@style/AppTheme" >
29-->src\main\AndroidManifest.xml:13:9-40
30        <activity android:name="com.example.answerme.Profile" />
30-->src\main\AndroidManifest.xml:14:9-54
30-->src\main\AndroidManifest.xml:14:19-42
31        <activity android:name="com.example.answerme.Register" />
31-->src\main\AndroidManifest.xml:15:9-46
31-->src\main\AndroidManifest.xml:15:19-43
32        <activity android:name="com.example.answerme.Login" >
32-->src\main\AndroidManifest.xml:16:9-22:20
32-->src\main\AndroidManifest.xml:16:19-40
33            <intent-filter>
33-->src\main\AndroidManifest.xml:17:13-21:29
34                <action android:name="android.intent.action.MAIN" />
34-->src\main\AndroidManifest.xml:18:17-69
34-->src\main\AndroidManifest.xml:18:25-66
35
36                <category android:name="android.intent.category.LAUNCHER" />
36-->src\main\AndroidManifest.xml:20:17-77
36-->src\main\AndroidManifest.xml:20:27-74
37            </intent-filter>
38        </activity>
39
40        <service
40-->[com.google.firebase:firebase-storage:19.1.0] AndroidManifest.xml:30:9-36:19
41            android:name="com.google.firebase.components.ComponentDiscoveryService"
41-->[com.google.firebase:firebase-storage:19.1.0] AndroidManifest.xml:31:13-84
42            android:directBootAware="true"
42-->[com.google.firebase:firebase-common:19.2.0] AndroidManifest.xml:15:13-43
43            android:exported="false" >
43-->[com.google.firebase:firebase-storage:19.1.0] AndroidManifest.xml:32:13-37
44            <meta-data
44-->[com.google.firebase:firebase-storage:19.1.0] AndroidManifest.xml:33:13-35:85
45                android:name="com.google.firebase.components:com.google.firebase.storage.StorageRegistrar"
45-->[com.google.firebase:firebase-storage:19.1.0] AndroidManifest.xml:34:17-107
46                android:value="com.google.firebase.components.ComponentRegistrar" />
46-->[com.google.firebase:firebase-storage:19.1.0] AndroidManifest.xml:35:17-82
47            <meta-data
47-->[com.google.firebase:firebase-database:19.2.0] AndroidManifest.xml:32:13-34:85
48                android:name="com.google.firebase.components:com.google.firebase.database.DatabaseRegistrar"
48-->[com.google.firebase:firebase-database:19.2.0] AndroidManifest.xml:33:17-109
49                android:value="com.google.firebase.components.ComponentRegistrar" />
49-->[com.google.firebase:firebase-database:19.2.0] AndroidManifest.xml:34:17-82
50            <meta-data
50-->[com.google.android.gms:play-services-measurement-api:17.2.0] AndroidManifest.xml:30:13-32:85
51                android:name="com.google.firebase.components:com.google.firebase.analytics.connector.internal.AnalyticsConnectorRegistrar"
51-->[com.google.android.gms:play-services-measurement-api:17.2.0] AndroidManifest.xml:31:17-139
52                android:value="com.google.firebase.components.ComponentRegistrar" />
52-->[com.google.android.gms:play-services-measurement-api:17.2.0] AndroidManifest.xml:32:17-82
53            <meta-data
53-->[com.google.firebase:firebase-iid:19.0.0] AndroidManifest.xml:32:13-34:85
54                android:name="com.google.firebase.components:com.google.firebase.iid.Registrar"
54-->[com.google.firebase:firebase-iid:19.0.0] AndroidManifest.xml:33:17-96
55                android:value="com.google.firebase.components.ComponentRegistrar" />
55-->[com.google.firebase:firebase-iid:19.0.0] AndroidManifest.xml:34:17-82
56        </service>
57
58        <receiver
58-->[com.google.firebase:firebase-iid:19.0.0] AndroidManifest.xml:37:9-44:20
59            android:name="com.google.firebase.iid.FirebaseInstanceIdReceiver"
59-->[com.google.firebase:firebase-iid:19.0.0] AndroidManifest.xml:38:13-78
60            android:exported="true"
60-->[com.google.firebase:firebase-iid:19.0.0] AndroidManifest.xml:39:13-36
61            android:permission="com.google.android.c2dm.permission.SEND" >
61-->[com.google.firebase:firebase-iid:19.0.0] AndroidManifest.xml:40:13-73
62            <intent-filter>
62-->[com.google.firebase:firebase-iid:19.0.0] AndroidManifest.xml:41:13-43:29
63                <action android:name="com.google.android.c2dm.intent.RECEIVE" />
63-->[com.google.firebase:firebase-iid:19.0.0] AndroidManifest.xml:42:17-81
63-->[com.google.firebase:firebase-iid:19.0.0] AndroidManifest.xml:42:25-78
64            </intent-filter>
65        </receiver>
66
67        <activity
67-->[com.google.android.gms:play-services-base:17.0.0] AndroidManifest.xml:23:9-26:75
68            android:name="com.google.android.gms.common.api.GoogleApiActivity"
68-->[com.google.android.gms:play-services-base:17.0.0] AndroidManifest.xml:24:13-79
69            android:exported="false"
69-->[com.google.android.gms:play-services-base:17.0.0] AndroidManifest.xml:25:13-37
70            android:theme="@android:style/Theme.Translucent.NoTitleBar" />
70-->[com.google.android.gms:play-services-base:17.0.0] AndroidManifest.xml:26:13-72
71
72        <provider
72-->[com.google.firebase:firebase-common:19.2.0] AndroidManifest.xml:19:9-23:39
73            android:name="com.google.firebase.provider.FirebaseInitProvider"
73-->[com.google.firebase:firebase-common:19.2.0] AndroidManifest.xml:20:13-77
74            android:authorities="com.example.answerme.firebaseinitprovider"
74-->[com.google.firebase:firebase-common:19.2.0] AndroidManifest.xml:21:13-72
75            android:exported="false"
75-->[com.google.firebase:firebase-common:19.2.0] AndroidManifest.xml:22:13-37
76            android:initOrder="100" />
76-->[com.google.firebase:firebase-common:19.2.0] AndroidManifest.xml:23:13-36
77
78        <receiver
78-->[com.google.android.gms:play-services-measurement:17.2.0] AndroidManifest.xml:29:9-33:20
79            android:name="com.google.android.gms.measurement.AppMeasurementReceiver"
79-->[com.google.android.gms:play-services-measurement:17.2.0] AndroidManifest.xml:30:13-85
80            android:enabled="true"
80-->[com.google.android.gms:play-services-measurement:17.2.0] AndroidManifest.xml:31:13-35
81            android:exported="false" >
81-->[com.google.android.gms:play-services-measurement:17.2.0] AndroidManifest.xml:32:13-37
82        </receiver>
83        <receiver
83-->[com.google.android.gms:play-services-measurement:17.2.0] AndroidManifest.xml:34:9-42:20
84            android:name="com.google.android.gms.measurement.AppMeasurementInstallReferrerReceiver"
84-->[com.google.android.gms:play-services-measurement:17.2.0] AndroidManifest.xml:35:13-100
85            android:enabled="true"
85-->[com.google.android.gms:play-services-measurement:17.2.0] AndroidManifest.xml:36:13-35
86            android:exported="true"
86-->[com.google.android.gms:play-services-measurement:17.2.0] AndroidManifest.xml:37:13-36
87            android:permission="android.permission.INSTALL_PACKAGES" >
87-->[com.google.android.gms:play-services-measurement:17.2.0] AndroidManifest.xml:38:13-69
88            <intent-filter>
88-->[com.google.android.gms:play-services-measurement:17.2.0] AndroidManifest.xml:39:13-41:29
89                <action android:name="com.android.vending.INSTALL_REFERRER" />
89-->[com.google.android.gms:play-services-measurement:17.2.0] AndroidManifest.xml:40:17-79
89-->[com.google.android.gms:play-services-measurement:17.2.0] AndroidManifest.xml:40:25-76
90            </intent-filter>
91        </receiver>
92
93        <service
93-->[com.google.android.gms:play-services-measurement:17.2.0] AndroidManifest.xml:44:9-47:40
94            android:name="com.google.android.gms.measurement.AppMeasurementService"
94-->[com.google.android.gms:play-services-measurement:17.2.0] AndroidManifest.xml:45:13-84
95            android:enabled="true"
95-->[com.google.android.gms:play-services-measurement:17.2.0] AndroidManifest.xml:46:13-35
96            android:exported="false" />
96-->[com.google.android.gms:play-services-measurement:17.2.0] AndroidManifest.xml:47:13-37
97        <service
97-->[com.google.android.gms:play-services-measurement:17.2.0] AndroidManifest.xml:48:9-52:72
98            android:name="com.google.android.gms.measurement.AppMeasurementJobService"
98-->[com.google.android.gms:play-services-measurement:17.2.0] AndroidManifest.xml:49:13-87
99            android:enabled="true"
99-->[com.google.android.gms:play-services-measurement:17.2.0] AndroidManifest.xml:50:13-35
100            android:exported="false"
100-->[com.google.android.gms:play-services-measurement:17.2.0] AndroidManifest.xml:51:13-37
101            android:permission="android.permission.BIND_JOB_SERVICE" />
101-->[com.google.android.gms:play-services-measurement:17.2.0] AndroidManifest.xml:52:13-69
102
103        <meta-data
103-->[com.google.android.gms:play-services-basement:17.0.0] AndroidManifest.xml:23:9-25:69
104            android:name="com.google.android.gms.version"
104-->[com.google.android.gms:play-services-basement:17.0.0] AndroidManifest.xml:24:13-58
105            android:value="@integer/google_play_services_version" />
105-->[com.google.android.gms:play-services-basement:17.0.0] AndroidManifest.xml:25:13-66
106    </application>
107
108</manifest>